[2025-11-25 18:45:20] CodeIgniterApp.ERROR: Severity: 8192 --> Creation of dynamic property CI_Loader::$load is deprecated /workspaces/teleXweb/web/system/core/Loader.php 932 [] []
[2025-11-25 18:45:20] CodeIgniterApp.ERROR: Severity: 8192 --> Creation of dynamic property CI_Loader::$benchmark is deprecated /workspaces/teleXweb/web/system/core/Loader.php 932 [] []
[2025-11-25 18:45:20] CodeIgniterApp.ERROR: Severity: 8192 --> Creation of dynamic property CI_Loader::$hooks is deprecated /workspaces/teleXweb/web/system/core/Loader.php 932 [] []
[2025-11-25 18:45:20] CodeIgniterApp.ERROR: Severity: 8192 --> Creation of dynamic property CI_Loader::$config is deprecated /workspaces/teleXweb/web/system/core/Loader.php 932 [] []
[2025-11-25 18:45:20] CodeIgniterApp.ERROR: Severity: 8192 --> Creation of dynamic property CI_Loader::$log is deprecated /workspaces/teleXweb/web/system/core/Loader.php 932 [] []
[2025-11-25 18:45:20] CodeIgniterApp.ERROR: Severity: 8192 --> Creation of dynamic property CI_Loader::$utf8 is deprecated /workspaces/teleXweb/web/system/core/Loader.php 932 [] []
[2025-11-25 18:45:20] CodeIgniterApp.ERROR: Severity: 8192 --> Creation of dynamic property CI_Loader::$uri is deprecated /workspaces/teleXweb/web/system/core/Loader.php 932 [] []
[2025-11-25 18:45:20] CodeIgniterApp.ERROR: Severity: 8192 --> Creation of dynamic property CI_Loader::$exceptions is deprecated /workspaces/teleXweb/web/system/core/Loader.php 932 [] []
[2025-11-25 18:45:20] CodeIgniterApp.ERROR: Severity: 8192 --> Creation of dynamic property CI_Loader::$router is deprecated /workspaces/teleXweb/web/system/core/Loader.php 932 [] []
[2025-11-25 18:45:20] CodeIgniterApp.ERROR: Severity: 8192 --> Creation of dynamic property CI_Loader::$output is deprecated /workspaces/teleXweb/web/system/core/Loader.php 932 [] []
[2025-11-25 18:45:20] CodeIgniterApp.ERROR: Severity: 8192 --> Creation of dynamic property CI_Loader::$security is deprecated /workspaces/teleXweb/web/system/core/Loader.php 932 [] []
[2025-11-25 18:45:20] CodeIgniterApp.ERROR: Severity: 8192 --> Creation of dynamic property CI_Loader::$input is deprecated /workspaces/teleXweb/web/system/core/Loader.php 932 [] []
[2025-11-25 18:45:20] CodeIgniterApp.ERROR: Severity: 8192 --> Creation of dynamic property CI_Loader::$lang is deprecated /workspaces/teleXweb/web/system/core/Loader.php 932 [] []
[2025-11-25 18:45:20] CodeIgniterApp.INFO: File loaded: /workspaces/teleXweb/web/application/views/welcome_message.php [] []
[2025-11-25 18:45:20] CodeIgniterApp.INFO: Final output sent to browser [] []
[2025-11-25 18:45:20] CodeIgniterApp.DEBUG: Total execution time: 0.0136 [] []
[2025-11-25 18:52:47] CodeIgniterApp.DEBUG: Migrating up from version 20251125122217 to version 20251125185229 [] []
[2025-11-25 18:52:47] CodeIgniterApp.DEBUG: Finished migrating to 20251125185229 [] []
[2025-11-25 18:52:47] CodeIgniterApp.INFO: Final output sent to browser [] []
[2025-11-25 18:52:47] CodeIgniterApp.DEBUG: Total execution time: 0.0469 [] []
[2025-11-25 18:57:02] CodeIgniterApp.DEBUG: Migrating up from version 20251125185229 to version 20251125185646 [] []
[2025-11-25 18:57:02] CodeIgniterApp.DEBUG: Finished migrating to 20251125185646 [] []
[2025-11-25 18:57:02] CodeIgniterApp.INFO: Final output sent to browser [] []
[2025-11-25 18:57:02] CodeIgniterApp.DEBUG: Total execution time: 0.2895 [] []
[2025-11-25 18:58:51] CodeIgniterApp.DEBUG: Migrating up from version 20251125185646 to version 20251125185833 [] []
[2025-11-25 18:58:51] CodeIgniterApp.DEBUG: Finished migrating to 20251125185833 [] []
[2025-11-25 18:58:51] CodeIgniterApp.INFO: Final output sent to browser [] []
[2025-11-25 18:58:51] CodeIgniterApp.DEBUG: Total execution time: 0.0524 [] []
[2025-11-25 19:05:11] CodeIgniterApp.DEBUG: Migrating up from version 20251125185833 to version 20251125190456 [] []
[2025-11-25 19:05:11] CodeIgniterApp.DEBUG: Finished migrating to 20251125190456 [] []
[2025-11-25 19:05:11] CodeIgniterApp.INFO: Final output sent to browser [] []
[2025-11-25 19:05:11] CodeIgniterApp.DEBUG: Total execution time: 0.0704 [] []
